<?xml version="1.0" encoding="UTF-8"?>
<testsuite xmlns:xsi="http://www.w3.org/2001/XMLSchema-instance" xsi:noNamespaceSchemaLocation="https://maven.apache.org/surefire/maven-surefire-plugin/xsd/surefire-test-report-3.0.xsd" version="3.0" name="com.coderunner.frontend.FrontendTest" time="1.171" tests="19" errors="0" skipped="0" failures="6">
  <properties>
[...]
</properties>
  <testcase name="testBuildRequestJsonStructure" classname="com.coderunner.frontend.FrontendTest" time="0.031"/>
  <testcase name="testEmptyCodeDetection" classname="com.coderunner.frontend.FrontendTest" time="0.003"/>
  <testcase name="testSupportedLanguages" classname="com.coderunner.frontend.FrontendTest" time="0.002"/>
  <testcase name="testHtmlEscape" classname="com.coderunner.frontend.FrontendTest" time="0.0"/>
  <testcase name="testExecTimeFormat" classname="com.coderunner.frontend.FrontendTest" time="0.004"/>
  <testcase name="testVersionOptionsExist" classname="com.coderunner.frontend.FrontendTest" time="0.003"/>
  <testcase name="testStdinIncludedInRequest" classname="com.coderunner.frontend.FrontendTest" time="0.001"/>
  <testcase name="testLangLabelFormat(String)[1]" classname="com.coderunner.frontend.FrontendTest" time="0.033"/>
  <testcase name="testLangLabelFormat(String)[2]" classname="com.coderunner.frontend.FrontendTest" time="0.002"/>
  <testcase name="testLangLabelFormat(String)[3]" classname="com.coderunner.frontend.FrontendTest" time="0.002"/>
  <testcase name="testLangLabelFormat(String)[4]" classname="com.coderunner.frontend.FrontendTest" time="0.0"/>
  <testcase name="testLangLabelFormat(String)[5]" classname="com.coderunner.frontend.FrontendTest" time="0.002"/>
  <testcase name="testHealthEndpointReachable" classname="com.coderunner.frontend.FrontendTest" time="0.215">
    <failure message="Health endpoint must return 200 ==&gt; expected: &lt;200&gt; but was: &lt;403&gt;" type="org.opentest4j.AssertionFailedError"><![CDATA[org.opentest4j.AssertionFailedError: Health endpoint must return 200 ==> expected: <200> but was: <403>
	at org.junit.jupiter.api.AssertionFailureBuilder.build(AssertionFailureBuilder.java:151)
	at org.junit.jupiter.api.AssertionFailureBuilder.buildAndThrow(AssertionFailureBuilder.java:132)
	at org.junit.jupiter.api.AssertEquals.failNotEqual(AssertEquals.java:197)
	at org.junit.jupiter.api.AssertEquals.assertEquals(AssertEquals.java:150)
	at org.junit.jupiter.api.Assertions.assertEquals(Assertions.java:559)
	at com.coderunner.frontend.FrontendTest.testHealthEndpointReachable(FrontendTest.java:173)
	at java.base/java.lang.reflect.Method.invoke(Method.java:565)
	at java.base/java.util.ArrayList.forEach(ArrayList.java:1604)
	at java.base/java.util.ArrayList.forEach(ArrayList.java:1604)
]]></failure>
  </testcase>
  <testcase name="testJavaHelloWorldExecution" classname="com.coderunner.frontend.FrontendTest" time="0.017">
    <failure message="expected: &lt;200&gt; but was: &lt;403&gt;" type="org.opentest4j.AssertionFailedError"><![CDATA[org.opentest4j.AssertionFailedError: expected: <200> but was: <403>
	at org.junit.jupiter.api.AssertionFailureBuilder.build(AssertionFailureBuilder.java:151)
	at org.junit.jupiter.api.AssertionFailureBuilder.buildAndThrow(AssertionFailureBuilder.java:132)
	at org.junit.jupiter.api.AssertEquals.failNotEqual(AssertEquals.java:197)
	at org.junit.jupiter.api.AssertEquals.assertEquals(AssertEquals.java:150)
	at org.junit.jupiter.api.AssertEquals.assertEquals(AssertEquals.java:145)
	at org.junit.jupiter.api.Assertions.assertEquals(Assertions.java:527)
	at com.coderunner.frontend.FrontendTest.testJavaHelloWorldExecution(FrontendTest.java:194)
	at java.base/java.lang.reflect.Method.invoke(Method.java:565)
	at java.base/java.util.ArrayList.forEach(ArrayList.java:1604)
	at java.base/java.util.ArrayList.forEach(ArrayList.java:1604)
]]></failure>
  </testcase>
  <testcase name="testPythonExecution" classname="com.coderunner.frontend.FrontendTest" time="0.019">
    <failure message="expected: &lt;200&gt; but was: &lt;403&gt;" type="org.opentest4j.AssertionFailedError"><![CDATA[org.opentest4j.AssertionFailedError: expected: <200> but was: <403>
	at org.junit.jupiter.api.AssertionFailureBuilder.build(AssertionFailureBuilder.java:151)
	at org.junit.jupiter.api.AssertionFailureBuilder.buildAndThrow(AssertionFailureBuilder.java:132)
	at org.junit.jupiter.api.AssertEquals.failNotEqual(AssertEquals.java:197)
	at org.junit.jupiter.api.AssertEquals.assertEquals(AssertEquals.java:150)
	at org.junit.jupiter.api.AssertEquals.assertEquals(AssertEquals.java:145)
	at org.junit.jupiter.api.Assertions.assertEquals(Assertions.java:527)
	at com.coderunner.frontend.FrontendTest.testPythonExecution(FrontendTest.java:216)
	at java.base/java.lang.reflect.Method.invoke(Method.java:565)
	at java.base/java.util.ArrayList.forEach(ArrayList.java:1604)
	at java.base/java.util.ArrayList.forEach(ArrayList.java:1604)
]]></failure>
  </testcase>
  <testcase name="testStdinPassedCorrectly" classname="com.coderunner.frontend.FrontendTest" time="0.007">
    <failure message="expected: &lt;200&gt; but was: &lt;403&gt;" type="org.opentest4j.AssertionFailedError"><![CDATA[org.opentest4j.AssertionFailedError: expected: <200> but was: <403>
	at org.junit.jupiter.api.AssertionFailureBuilder.build(AssertionFailureBuilder.java:151)
	at org.junit.jupiter.api.AssertionFailureBuilder.buildAndThrow(AssertionFailureBuilder.java:132)
	at org.junit.jupiter.api.AssertEquals.failNotEqual(AssertEquals.java:197)
	at org.junit.jupiter.api.AssertEquals.assertEquals(AssertEquals.java:150)
	at org.junit.jupiter.api.AssertEquals.assertEquals(AssertEquals.java:145)
	at org.junit.jupiter.api.Assertions.assertEquals(Assertions.java:527)
	at com.coderunner.frontend.FrontendTest.testStdinPassedCorrectly(FrontendTest.java:238)
	at java.base/java.lang.reflect.Method.invoke(Method.java:565)
	at java.base/java.util.ArrayList.forEach(ArrayList.java:1604)
	at java.base/java.util.ArrayList.forEach(ArrayList.java:1604)
]]></failure>
  </testcase>
  <testcase name="testCompilationErrorHandled" classname="com.coderunner.frontend.FrontendTest" time="0.017">
    <failure message="API should still return 200, with error in body ==&gt; expected: &lt;200&gt; but was: &lt;403&gt;" type="org.opentest4j.AssertionFailedError"><![CDATA[org.opentest4j.AssertionFailedError: API should still return 200, with error in body ==> expected: <200> but was: <403>
	at org.junit.jupiter.api.AssertionFailureBuilder.build(AssertionFailureBuilder.java:151)
	at org.junit.jupiter.api.AssertionFailureBuilder.buildAndThrow(AssertionFailureBuilder.java:132)
	at org.junit.jupiter.api.AssertEquals.failNotEqual(AssertEquals.java:197)
	at org.junit.jupiter.api.AssertEquals.assertEquals(AssertEquals.java:150)
	at org.junit.jupiter.api.Assertions.assertEquals(Assertions.java:559)
	at com.coderunner.frontend.FrontendTest.testCompilationErrorHandled(FrontendTest.java:260)
	at java.base/java.lang.reflect.Method.invoke(Method.java:565)
	at java.base/java.util.ArrayList.forEach(ArrayList.java:1604)
	at java.base/java.util.ArrayList.forEach(ArrayList.java:1604)
]]></failure>
  </testcase>
  <testcase name="testEmptyCodeDoesNotCrashServer" classname="com.coderunner.frontend.FrontendTest" time="0.01"/>
  <testcase name="testResponseStructure" classname="com.coderunner.frontend.FrontendTest" time="0.01">
    <failure message="Response must have &apos;stdout&apos; field ==&gt; expected: &lt;true&gt; but was: &lt;false&gt;" type="org.opentest4j.AssertionFailedError"><![CDATA[org.opentest4j.AssertionFailedError: Response must have 'stdout' field ==> expected: <true> but was: <false>
	at org.junit.jupiter.api.AssertionFailureBuilder.build(AssertionFailureBuilder.java:151)
	at org.junit.jupiter.api.AssertionFailureBuilder.buildAndThrow(AssertionFailureBuilder.java:132)
	at org.junit.jupiter.api.AssertTrue.failNotTrue(AssertTrue.java:63)
	at org.junit.jupiter.api.AssertTrue.assertTrue(AssertTrue.java:36)
	at org.junit.jupiter.api.Assertions.assertTrue(Assertions.java:210)
	at com.coderunner.frontend.FrontendTest.testResponseStructure(FrontendTest.java:305)
	at java.base/java.lang.reflect.Method.invoke(Method.java:565)
	at java.base/java.util.ArrayList.forEach(ArrayList.java:1604)
	at java.base/java.util.ArrayList.forEach(ArrayList.java:1604)
]]></failure>
  </testcase>
</testsuite>